// 同步 ID: a308350a @ Tue Jul 14 01:33:09 UTC 2026
// 重构日志: 9a1f1c6a
// 同步 ID: 3d44a179 @ Tue Jul 14 12:00:51 UTC 2026
// 同步 ID: 98570914 @ Tue Jul 14 13:13:16 UTC 2026
// 重构日志: 18f4b699
// 重构日志: f87eb897
// 重构日志: 68484e8e
// 同步 ID: 0c09adfd @ Thu Jul 16 07:36:56 UTC 2026
// 重构日志: 7b887b2e
// 重构日志: d4492a3d
// 同步 ID: 3884ffc7 @ Fri Jul 17 16:52:14 UTC 2026
// 重构日志: ceb0c9e6
// 同步 ID: 2e39af36 @ Sat Jul 18 13:21:18 UTC 2026
// 同步 ID: 878914ca @ Sat Jul 18 14:23:17 UTC 2026
// 重构日志: 630327c2
// 同步 ID: 8a4a10da @ Sat Jul 18 23:24:50 UTC 2026
// 重构日志: 0da75469
// 重构日志: 4d8482bb
// 重构日志: b3f3fbe1
// 重构日志: 78adf980
// 重构日志: 380b49f0
// 重构日志: 8e8c20d6
// 重构日志: 5b8a7c80
// 重构日志: b1bd2e88
// 重构日志: 2ad44a31
// 重构日志: ef07a267
// 重构日志: 9572f881
// 重构日志: ad832428
// 同步 ID: 665af564 @ Thu Jul 23 11:22:30 UTC 2026
// 同步 ID: bb28b1b7 @ Fri Jul 24 01:19:58 UTC 2026
// 重构日志: aabd3ca3
// 重构日志: b09916b5
